2020-03-29 00:10:16,998:WARNING: Loading Model
2020-03-29 00:10:17,922:WARNING: Cross Validation on iteration 1
2020-03-29 00:10:17,922:WARNING: => no checkpoint found at 'Model/basemodel0.pth.tar'
2020-03-29 00:16:51,955:WARNING: Loading Model
2020-03-29 00:16:52,870:WARNING: Cross Validation on iteration 1
2020-03-29 00:16:52,870:WARNING: => no checkpoint found at 'Model/basemodel0.pth.tar'
2020-03-29 00:18:49,272:WARNING: Loading Model
2020-03-29 00:18:50,179:WARNING: Cross Validation on iteration 1
2020-03-29 00:18:50,179:WARNING: => no checkpoint found at 'Model/basemodel0.pth.tar'
2020-03-29 00:23:41,276:WARNING: Loading Model
2020-03-29 00:23:42,190:WARNING: Cross Validation on iteration 1
2020-03-29 00:23:42,190:WARNING: => no checkpoint found at 'Model/basemodel0.pth.tar'
2020-03-29 00:25:30,815:WARNING: Loading Model
2020-03-29 00:25:31,710:WARNING: Cross Validation on iteration 1
2020-03-29 00:25:31,710:WARNING: => no checkpoint found at 'Model/basemodel0.pth.tar'
2020-03-29 00:26:43,680:WARNING: Loading Model
2020-03-29 00:26:44,582:WARNING: Cross Validation on iteration 1
2020-03-29 00:26:44,582:WARNING: => no checkpoint found at 'Model/basemodel0.pth.tar'
2020-03-29 00:39:47,338:WARNING: Loading Model
2020-03-29 00:39:48,266:WARNING: Cross Validation on iteration 1
2020-03-29 00:39:48,267:WARNING: => no checkpoint found at 'Model/basemodel0.pth.tar'
2020-03-29 00:41:10,014:WARNING: Loading Model
2020-03-29 00:41:10,947:WARNING: Cross Validation on iteration 1
2020-03-29 00:41:10,947:WARNING: => no checkpoint found at 'Model/basemodel0.pth.tar'
2020-03-29 00:42:41,394:WARNING: Loading Model
2020-03-29 00:42:42,311:WARNING: Cross Validation on iteration 1
2020-03-29 00:42:42,311:WARNING: => no checkpoint found at 'Model/basemodel0.pth.tar'
2020-03-29 00:47:07,535:WARNING: Loading Model
2020-03-29 00:47:08,451:WARNING: Cross Validation on iteration 1
2020-03-29 00:47:08,451:WARNING: => no checkpoint found at 'Model/basemodel0.pth.tar'
2020-03-29 00:50:17,241:WARNING: Loading Model
2020-03-29 00:50:18,159:WARNING: Cross Validation on iteration 1
2020-03-29 00:50:18,159:WARNING: => no checkpoint found at 'Model/basemodel0.pth.tar'
2020-03-29 00:51:46,765:WARNING: Loading Model
2020-03-29 00:51:47,663:WARNING: Cross Validation on iteration 1
2020-03-29 00:51:47,663:WARNING: => no checkpoint found at 'Model/basemodel0.pth.tar'
2020-03-29 00:52:55,329:WARNING: Loading Model
2020-03-29 00:52:56,225:WARNING: Cross Validation on iteration 1
2020-03-29 00:52:56,226:WARNING: => no checkpoint found at 'Model/basemodel0.pth.tar'
2020-03-29 00:54:36,304:WARNING: Loading Model
2020-03-29 00:54:37,234:WARNING: Cross Validation on iteration 1
2020-03-29 00:54:37,235:WARNING: => no checkpoint found at 'Model/basemodel0.pth.tar'
2020-03-29 00:57:23,606:WARNING: Loading Model
2020-03-29 00:57:24,555:WARNING: Cross Validation on iteration 1
2020-03-29 00:57:24,555:WARNING: => no checkpoint found at 'Model/basemodel0.pth.tar'
2020-03-29 00:57:36,776:WARNING: Loading Model
2020-03-29 00:57:37,710:WARNING: Cross Validation on iteration 1
2020-03-29 00:57:37,711:WARNING: => no checkpoint found at 'Model/basemodel0.pth.tar'
2020-03-29 00:58:30,252:WARNING:  
 Epoch: [0][9/10]
    Loss 3.7890 (21.5472)

2020-03-29 00:58:31,432:WARNING:  
 Test: [1/2]
    Loss 0.1935 (13.8667)

2020-03-29 00:58:34,886:WARNING:  
 Epoch: [1][9/10]
    Loss 4.9282 (14.2443)

2020-03-29 00:58:36,045:WARNING:  
 Test: [1/2]
    Loss 2.2653 (11.4643)

2020-03-29 00:58:39,373:WARNING:  
 Epoch: [2][9/10]
    Loss 11.8843 (13.3514)

2020-03-29 00:58:40,508:WARNING:  
 Test: [1/2]
    Loss 0.2510 (13.1411)

2020-03-29 00:58:43,755:WARNING:  
 Epoch: [3][9/10]
    Loss 8.2828 (12.0425)

2020-03-29 00:58:44,870:WARNING:  
 Test: [1/2]
    Loss 0.3279 (12.9959)

2020-03-29 00:58:48,068:WARNING:  
 Epoch: [4][9/10]
    Loss 1.6576 (12.6401)

2020-03-29 00:58:49,189:WARNING:  
 Test: [1/2]
    Loss 0.1482 (14.0978)

2020-03-29 00:58:52,396:WARNING:  
 Epoch: [5][9/10]
    Loss 5.8030 (12.7501)

2020-03-29 00:58:53,521:WARNING:  
 Test: [1/2]
    Loss 0.4679 (12.9788)

2020-03-29 00:58:56,755:WARNING:  
 Epoch: [6][9/10]
    Loss 12.9198 (11.8173)

2020-03-29 00:58:57,868:WARNING:  
 Test: [1/2]
    Loss 0.1197 (13.9182)

2020-03-29 00:59:01,041:WARNING:  
 Epoch: [7][9/10]
    Loss 6.7801 (11.7823)

2020-03-29 00:59:02,169:WARNING:  
 Test: [1/2]
    Loss 0.3331 (12.8537)

2020-03-29 00:59:05,370:WARNING:  
 Epoch: [8][9/10]
    Loss 4.5256 (10.4296)

2020-03-29 00:59:06,491:WARNING:  
 Test: [1/2]
    Loss 0.2975 (12.9992)

2020-03-29 00:59:09,725:WARNING:  
 Epoch: [9][9/10]
    Loss 3.5192 (9.9566)

2020-03-29 00:59:10,844:WARNING:  
 Test: [1/2]
    Loss 0.4998 (12.6338)

2020-03-29 00:59:10,849:WARNING: Cross Validation on iteration 2
2020-03-29 00:59:10,849:WARNING: => no checkpoint found at 'Model/basemodel1.pth.tar'
2020-03-29 00:59:14,040:WARNING:  
 Epoch: [0][9/10]
    Loss 2.3099 (9.8414)

2020-03-29 00:59:15,180:WARNING:  
 Test: [1/2]
    Loss 1.7739 (7.1708)

2020-03-29 01:04:39,051:WARNING: Loading Model
2020-03-29 01:04:39,965:WARNING: Cross Validation on iteration 1
2020-03-29 01:05:26,285:WARNING:  Training Epoch: [10]
2020-03-29 01:05:30,344:WARNING:  
 Test: [1/2]
    Loss 0.2670 (11.9865)

2020-03-29 01:05:30,361:WARNING:  Training Epoch: [11]
2020-03-29 01:05:34,491:WARNING:  
 Test: [1/2]
    Loss 1.0340 (11.3825)

2020-03-29 01:05:34,510:WARNING:  Training Epoch: [12]
2020-03-29 01:05:38,620:WARNING:  
 Test: [1/2]
    Loss 0.0865 (12.6375)

2020-03-29 01:05:38,625:WARNING:  Training Epoch: [13]
2020-03-29 01:05:42,745:WARNING:  
 Test: [1/2]
    Loss 0.2970 (12.3051)

2020-03-29 01:05:42,763:WARNING:  Training Epoch: [14]
2020-03-29 01:05:46,867:WARNING:  
 Test: [1/2]
    Loss 0.1051 (13.1419)

2020-03-29 01:05:46,884:WARNING:  Training Epoch: [15]
2020-03-29 01:05:50,938:WARNING:  
 Test: [1/2]
    Loss 0.4030 (12.5098)

2020-03-29 01:05:50,957:WARNING:  Training Epoch: [16]
2020-03-29 01:05:55,084:WARNING:  
 Test: [1/2]
    Loss 0.1040 (12.9877)

2020-03-29 01:05:55,101:WARNING:  Training Epoch: [17]
2020-03-29 01:05:59,222:WARNING:  
 Test: [1/2]
    Loss 0.2129 (12.9655)

2020-03-29 01:05:59,226:WARNING:  Training Epoch: [18]
2020-03-29 01:06:03,351:WARNING:  
 Test: [1/2]
    Loss 0.4258 (12.9523)

2020-03-29 01:06:03,357:WARNING:  Training Epoch: [19]
2020-03-29 01:06:07,468:WARNING:  
 Test: [1/2]
    Loss 0.8369 (12.7844)

2020-03-29 01:06:07,486:WARNING: Cross Validation on iteration 2
2020-03-29 01:06:07,495:WARNING:  Training Epoch: [1]
2020-03-29 01:06:11,627:WARNING:  
 Test: [1/2]
    Loss 1.2626 (8.9968)

2020-03-29 01:06:11,632:WARNING:  Training Epoch: [2]
2020-03-29 01:06:15,754:WARNING:  
 Test: [1/2]
    Loss 0.1042 (9.5104)

2020-03-29 01:06:15,772:WARNING:  Training Epoch: [3]
2020-03-29 01:06:19,918:WARNING:  
 Test: [1/2]
    Loss 0.1459 (8.8860)

2020-03-29 01:06:19,935:WARNING:  Training Epoch: [4]
2020-03-29 01:06:24,035:WARNING:  
 Test: [1/2]
    Loss 1.3808 (7.3162)

2020-03-29 01:06:24,052:WARNING:  Training Epoch: [5]
2020-03-29 01:06:28,177:WARNING:  
 Test: [1/2]
    Loss 0.1261 (8.0664)

2020-03-29 01:06:28,195:WARNING:  Training Epoch: [6]
2020-03-29 01:06:32,344:WARNING:  
 Test: [1/2]
    Loss 0.3084 (7.4251)

2020-03-29 01:06:32,362:WARNING:  Training Epoch: [7]
2020-03-29 01:06:36,483:WARNING:  
 Test: [1/2]
    Loss 0.2223 (7.0706)

2020-03-29 01:06:36,500:WARNING:  Training Epoch: [8]
2020-03-29 01:06:40,571:WARNING:  
 Test: [1/2]
    Loss 0.0967 (6.8349)

2020-03-29 01:06:40,576:WARNING:  Training Epoch: [9]
2020-03-29 01:06:44,658:WARNING:  
 Test: [1/2]
    Loss 0.0688 (6.5524)

2020-03-29 01:06:44,676:WARNING:  Training Epoch: [10]
2020-03-29 01:06:48,815:WARNING:  
 Test: [1/2]
    Loss 0.1813 (6.1591)

2020-03-29 01:06:48,832:WARNING: Cross Validation on iteration 3
2020-03-29 01:06:48,832:WARNING: => no checkpoint found at 'Model/basemodel2.pth.tar'
2020-03-29 01:06:48,833:WARNING:  Training Epoch: [0]
2020-03-29 01:06:52,918:WARNING:  
 Test: [1/2]
    Loss 0.0861 (15.5961)

2020-03-29 01:06:52,922:WARNING:  Training Epoch: [1]
2020-03-29 01:06:57,032:WARNING:  
 Test: [1/2]
    Loss 0.4779 (15.3199)

2020-03-29 01:06:57,037:WARNING:  Training Epoch: [2]
2020-03-29 01:07:01,102:WARNING:  
 Test: [1/2]
    Loss 2.5534 (13.7274)

2020-03-29 01:07:01,120:WARNING:  Training Epoch: [3]
2020-03-29 01:07:05,178:WARNING:  
 Test: [1/2]
    Loss 0.4057 (15.6772)

2020-03-29 01:07:05,195:WARNING:  Training Epoch: [4]
2020-03-29 01:07:09,266:WARNING:  
 Test: [1/2]
    Loss 0.1213 (16.0793)

2020-03-29 01:07:09,284:WARNING:  Training Epoch: [5]
2020-03-29 01:07:13,390:WARNING:  
 Test: [1/2]
    Loss 0.3269 (16.0221)

2020-03-29 01:07:13,395:WARNING:  Training Epoch: [6]
2020-03-29 01:07:17,476:WARNING:  
 Test: [1/2]
    Loss 0.1661 (16.3432)

2020-03-29 01:07:17,493:WARNING:  Training Epoch: [7]
2020-03-29 01:07:21,561:WARNING:  
 Test: [1/2]
    Loss 0.1556 (16.6974)

2020-03-29 01:07:21,578:WARNING:  Training Epoch: [8]
2020-03-29 01:07:25,650:WARNING:  
 Test: [1/2]
    Loss 0.2891 (16.4795)

2020-03-29 01:07:25,669:WARNING:  Training Epoch: [9]
2020-03-29 01:07:29,830:WARNING:  
 Test: [1/2]
    Loss 0.5306 (16.4354)

2020-03-29 01:07:29,836:WARNING: Cross Validation on iteration 4
2020-03-29 01:07:29,836:WARNING: => no checkpoint found at 'Model/basemodel3.pth.tar'
2020-03-29 01:07:29,836:WARNING:  Training Epoch: [0]
2020-03-29 01:07:33,957:WARNING:  
 Test: [1/2]
    Loss 1.8674 (12.1144)

2020-03-29 01:07:33,961:WARNING:  Training Epoch: [1]
2020-03-29 01:07:38,049:WARNING:  
 Test: [1/2]
    Loss 0.0894 (13.9741)

2020-03-29 01:07:38,066:WARNING:  Training Epoch: [2]
2020-03-29 01:07:42,123:WARNING:  
 Test: [1/2]
    Loss 0.1860 (13.7459)

2020-03-29 01:07:42,141:WARNING:  Training Epoch: [3]
2020-03-29 01:07:46,246:WARNING:  
 Test: [1/2]
    Loss 0.0508 (14.0653)

2020-03-29 01:07:46,252:WARNING:  Training Epoch: [4]
2020-03-29 01:07:50,395:WARNING:  
 Test: [1/2]
    Loss 0.1157 (14.1625)

2020-03-29 01:07:50,412:WARNING:  Training Epoch: [5]
2020-03-29 01:07:54,495:WARNING:  
 Test: [1/2]
    Loss 0.3615 (13.8211)

2020-03-29 01:07:54,513:WARNING:  Training Epoch: [6]
2020-03-29 01:07:58,617:WARNING:  
 Test: [1/2]
    Loss 0.0714 (14.3360)

2020-03-29 01:07:58,635:WARNING:  Training Epoch: [7]
2020-03-29 01:08:02,749:WARNING:  
 Test: [1/2]
    Loss 0.1619 (14.3001)

2020-03-29 01:08:02,754:WARNING:  Training Epoch: [8]
2020-03-29 01:08:06,848:WARNING:  
 Test: [1/2]
    Loss 2.0121 (12.7197)

2020-03-29 01:08:06,866:WARNING:  Training Epoch: [9]
2020-03-29 01:08:10,980:WARNING:  
 Test: [1/2]
    Loss 0.2707 (14.5265)

2020-03-29 01:08:10,998:WARNING: Cross Validation on iteration 5
2020-03-29 01:08:10,998:WARNING: => no checkpoint found at 'Model/basemodel4.pth.tar'
2020-03-29 01:08:10,999:WARNING:  Training Epoch: [0]
2020-03-29 01:08:15,113:WARNING:  
 Test: [1/2]
    Loss 6.2324 (15.8484)

2020-03-29 01:08:15,117:WARNING:  Training Epoch: [1]
2020-03-29 01:08:19,225:WARNING:  
 Test: [1/2]
    Loss 1.3607 (20.3170)

2020-03-29 01:08:19,231:WARNING:  Training Epoch: [2]
2020-03-29 01:08:23,282:WARNING:  
 Test: [1/2]
    Loss 0.2789 (21.4973)

2020-03-29 01:08:23,299:WARNING:  Training Epoch: [3]
2020-03-29 01:08:27,346:WARNING:  
 Test: [1/2]
    Loss 1.7823 (20.1911)

2020-03-29 01:08:27,363:WARNING:  Training Epoch: [4]
2020-03-29 01:08:31,373:WARNING:  
 Test: [1/2]
    Loss 0.0118 (22.5832)

2020-03-29 01:08:31,390:WARNING:  Training Epoch: [5]
2020-03-29 01:08:35,468:WARNING:  
 Test: [1/2]
    Loss 8.0678 (14.9217)

2020-03-29 01:08:35,486:WARNING:  Training Epoch: [6]
2020-03-29 01:08:39,553:WARNING:  
 Test: [1/2]
    Loss 2.3657 (21.0185)

2020-03-29 01:08:39,571:WARNING:  Training Epoch: [7]
2020-03-29 01:08:43,646:WARNING:  
 Test: [1/2]
    Loss 3.6054 (19.3219)

2020-03-29 01:08:43,664:WARNING:  Training Epoch: [8]
2020-03-29 01:08:47,770:WARNING:  
 Test: [1/2]
    Loss 0.3257 (22.6508)

2020-03-29 01:08:47,775:WARNING:  Training Epoch: [9]
2020-03-29 01:08:51,846:WARNING:  
 Test: [1/2]
    Loss 0.2458 (22.6266)

2020-03-29 01:08:51,865:WARNING: Cross Validation on iteration 6
2020-03-29 01:08:51,865:WARNING: => no checkpoint found at 'Model/basemodel5.pth.tar'
2020-03-29 01:08:51,866:WARNING:  Training Epoch: [0]
2020-03-29 01:08:55,996:WARNING:  
 Test: [1/2]
    Loss 0.1866 (17.1459)

2020-03-29 01:08:56,001:WARNING:  Training Epoch: [1]
2020-03-29 01:09:00,052:WARNING:  
 Test: [1/2]
    Loss 0.1091 (17.2888)

2020-03-29 01:09:00,069:WARNING:  Training Epoch: [2]
2020-03-29 01:09:04,185:WARNING:  
 Test: [1/2]
    Loss 2.0285 (15.7684)

2020-03-29 01:09:04,191:WARNING:  Training Epoch: [3]
2020-03-29 01:10:39,301:WARNING: Loading Model
2020-03-29 01:10:40,225:WARNING: Cross Validation on iteration 1
2020-03-29 01:10:40,225:WARNING: => no checkpoint found at 'Model/basemodel0.pth.tar'
2020-03-29 01:11:26,612:WARNING:  Training Epoch: [0]
2020-03-29 01:11:30,970:WARNING:  
 Test: [1/2]
    Loss 0.1582 (13.4656)

2020-03-29 01:11:30,975:WARNING:  Training Epoch: [1]
2020-03-29 01:11:35,280:WARNING:  
 Test: [1/2]
    Loss 1.9751 (10.3950)

2020-03-29 01:11:35,298:WARNING:  Training Epoch: [2]
2020-03-29 01:11:39,552:WARNING:  
 Test: [1/2]
    Loss 0.1505 (11.3878)

2020-03-29 01:11:39,569:WARNING:  Training Epoch: [3]
2020-03-29 01:11:43,681:WARNING:  
 Test: [1/2]
    Loss 0.3401 (10.7161)

2020-03-29 01:11:43,699:WARNING:  Training Epoch: [4]
2020-03-29 01:11:47,793:WARNING:  
 Test: [1/2]
    Loss 0.1548 (10.8354)

2020-03-29 01:11:47,798:WARNING:  Training Epoch: [5]
2020-03-29 01:11:51,884:WARNING:  
 Test: [1/2]
    Loss 0.4847 (10.2671)

2020-03-29 01:11:51,903:WARNING:  Training Epoch: [6]
2020-03-29 01:11:55,995:WARNING:  
 Test: [1/2]
    Loss 0.0895 (9.9730)

2020-03-29 01:11:55,999:WARNING:  Training Epoch: [7]
2020-03-29 01:12:00,100:WARNING:  
 Test: [1/2]
    Loss 0.3023 (9.6773)

2020-03-29 01:12:00,118:WARNING:  Training Epoch: [8]
2020-03-29 01:12:04,198:WARNING:  
 Test: [1/2]
    Loss 0.4328 (9.0928)

2020-03-29 01:12:04,203:WARNING:  Training Epoch: [9]
2020-03-29 01:12:08,277:WARNING:  
 Test: [1/2]
    Loss 0.9775 (8.6639)

2020-03-29 01:12:08,295:WARNING: Cross Validation on iteration 2
2020-03-29 01:12:08,295:WARNING: => no checkpoint found at 'Model/basemodel1.pth.tar'
2020-03-29 01:12:08,295:WARNING:  Training Epoch: [0]
2020-03-29 01:12:12,308:WARNING:  
 Test: [1/2]
    Loss 0.5925 (6.6313)

2020-03-29 01:12:12,312:WARNING:  Training Epoch: [1]
2020-03-29 01:12:16,373:WARNING:  
 Test: [1/2]
    Loss 0.0429 (6.8367)

2020-03-29 01:12:16,378:WARNING:  Training Epoch: [2]
2020-03-29 01:12:20,401:WARNING:  
 Test: [1/2]
    Loss 0.0332 (6.7001)

2020-03-29 01:12:20,418:WARNING:  Training Epoch: [3]
2020-03-29 01:12:24,461:WARNING:  
 Test: [1/2]
    Loss 0.8696 (5.6143)

2020-03-29 01:12:24,479:WARNING:  Training Epoch: [4]
2020-03-29 01:12:28,479:WARNING:  
 Test: [1/2]
    Loss 0.0641 (6.2585)

2020-03-29 01:12:28,497:WARNING:  Training Epoch: [5]
2020-03-29 01:12:32,573:WARNING:  
 Test: [1/2]
    Loss 0.2944 (5.7725)

2020-03-29 01:12:32,591:WARNING:  Training Epoch: [6]
2020-03-29 01:12:36,698:WARNING:  
 Test: [1/2]
    Loss 0.1275 (5.7278)

2020-03-29 01:12:36,703:WARNING:  Training Epoch: [7]
2020-03-29 01:12:40,801:WARNING:  
 Test: [1/2]
    Loss 0.0729 (5.5561)

2020-03-29 01:12:40,818:WARNING:  Training Epoch: [8]
2020-03-29 01:12:44,874:WARNING:  
 Test: [1/2]
    Loss 0.0205 (5.3865)

2020-03-29 01:12:44,892:WARNING:  Training Epoch: [9]
2020-03-29 01:12:48,972:WARNING:  
 Test: [1/2]
    Loss 0.2350 (5.0212)

2020-03-29 01:12:48,976:WARNING: Cross Validation on iteration 3
2020-03-29 01:12:48,976:WARNING: => no checkpoint found at 'Model/basemodel2.pth.tar'
2020-03-29 01:12:48,977:WARNING:  Training Epoch: [0]
2020-03-29 01:12:53,029:WARNING:  
 Test: [1/2]
    Loss 0.0701 (19.2865)

2020-03-29 01:12:53,033:WARNING:  Training Epoch: [1]
2020-03-29 01:12:57,103:WARNING:  
 Test: [1/2]
    Loss 4.0641 (15.9386)

2020-03-29 01:12:57,121:WARNING:  Training Epoch: [2]
2020-03-29 01:13:01,174:WARNING:  
 Test: [1/2]
    Loss 0.5003 (19.3213)

2020-03-29 01:13:01,192:WARNING:  Training Epoch: [3]
2020-03-29 01:13:05,275:WARNING:  
 Test: [1/2]
    Loss 0.5359 (19.5938)

2020-03-29 01:13:05,293:WARNING:  Training Epoch: [4]
2020-03-29 01:13:09,359:WARNING:  
 Test: [1/2]
    Loss 0.1548 (19.9724)

2020-03-29 01:13:09,378:WARNING:  Training Epoch: [5]
2020-03-29 01:13:13,444:WARNING:  
 Test: [1/2]
    Loss 0.1735 (20.1802)

2020-03-29 01:13:13,461:WARNING:  Training Epoch: [6]
2020-03-29 01:13:17,528:WARNING:  
 Test: [1/2]
    Loss 0.2254 (20.3013)

2020-03-29 01:13:17,536:WARNING:  Training Epoch: [7]
2020-03-29 01:13:21,573:WARNING:  
 Test: [1/2]
    Loss 0.1933 (20.6418)

2020-03-29 01:13:21,590:WARNING:  Training Epoch: [8]
2020-03-29 01:13:25,637:WARNING:  
 Test: [1/2]
    Loss 0.3207 (20.6567)

2020-03-29 01:13:25,655:WARNING:  Training Epoch: [9]
2020-03-29 01:13:29,702:WARNING:  
 Test: [1/2]
    Loss 0.4279 (20.6524)

2020-03-29 01:13:29,720:WARNING: Cross Validation on iteration 4
2020-03-29 01:13:29,720:WARNING: => no checkpoint found at 'Model/basemodel3.pth.tar'
2020-03-29 01:13:29,720:WARNING:  Training Epoch: [0]
2020-03-29 01:13:33,780:WARNING:  
 Test: [1/2]
    Loss 3.9500 (9.3638)

2020-03-29 01:13:33,784:WARNING:  Training Epoch: [1]
2020-03-29 01:13:37,827:WARNING:  
 Test: [1/2]
    Loss 0.0682 (12.8822)

2020-03-29 01:13:37,844:WARNING:  Training Epoch: [2]
2020-03-29 01:13:41,918:WARNING:  
 Test: [1/2]
    Loss 0.3320 (12.5949)

2020-03-29 01:13:41,924:WARNING:  Training Epoch: [3]
2020-03-29 01:13:46,009:WARNING:  
 Test: [1/2]
    Loss 0.0656 (12.9095)

2020-03-29 01:13:46,014:WARNING:  Training Epoch: [4]
2020-03-29 01:13:50,117:WARNING:  
 Test: [1/2]
    Loss 0.0794 (12.9288)

2020-03-29 01:13:50,122:WARNING:  Training Epoch: [5]
2020-03-29 01:13:54,200:WARNING:  
 Test: [1/2]
    Loss 3.1373 (10.2120)

2020-03-29 01:13:54,218:WARNING:  Training Epoch: [6]
2020-03-29 01:13:58,340:WARNING:  
 Test: [1/2]
    Loss 0.0968 (12.9989)

2020-03-29 01:13:58,359:WARNING:  Training Epoch: [7]
2020-03-29 01:14:02,491:WARNING:  
 Test: [1/2]
    Loss 0.3297 (12.7741)

2020-03-29 01:14:02,509:WARNING:  Training Epoch: [8]
2020-03-29 01:14:06,676:WARNING:  
 Test: [1/2]
    Loss 0.0802 (13.0515)

2020-03-29 01:14:06,684:WARNING:  Training Epoch: [9]
2020-03-29 01:14:10,770:WARNING:  
 Test: [1/2]
    Loss 0.3198 (12.8937)

2020-03-29 01:14:10,787:WARNING: Cross Validation on iteration 5
2020-03-29 01:14:10,788:WARNING: => no checkpoint found at 'Model/basemodel4.pth.tar'
2020-03-29 01:14:10,788:WARNING:  Training Epoch: [0]
2020-03-29 01:14:14,882:WARNING:  
 Test: [1/2]
    Loss 2.1071 (17.4033)

2020-03-29 01:14:14,886:WARNING:  Training Epoch: [1]
2020-03-29 01:14:19,067:WARNING:  
 Test: [1/2]
    Loss 1.6056 (17.9516)

2020-03-29 01:14:19,084:WARNING:  Training Epoch: [2]
2020-03-29 01:14:23,164:WARNING:  
 Test: [1/2]
    Loss 0.0792 (19.5172)

2020-03-29 01:14:23,181:WARNING:  Training Epoch: [3]
2020-03-29 01:14:27,267:WARNING:  
 Test: [1/2]
    Loss 1.9637 (17.7632)

2020-03-29 01:14:27,285:WARNING:  Training Epoch: [4]
2020-03-29 01:14:31,354:WARNING:  
 Test: [1/2]
    Loss 0.0062 (20.2642)

2020-03-29 01:14:31,358:WARNING:  Training Epoch: [5]
2020-03-29 01:14:35,407:WARNING:  
 Test: [1/2]
    Loss 9.4917 (11.0604)

2020-03-29 01:14:35,425:WARNING:  Training Epoch: [6]
2020-03-29 01:14:39,469:WARNING:  
 Test: [1/2]
    Loss 2.4396 (18.4683)

2020-03-29 01:14:39,487:WARNING:  Training Epoch: [7]
2020-03-29 01:14:43,586:WARNING:  
 Test: [1/2]
    Loss 3.7803 (16.5862)

2020-03-29 01:14:43,603:WARNING:  Training Epoch: [8]
2020-03-29 01:14:47,659:WARNING:  
 Test: [1/2]
    Loss 0.3225 (20.1315)

2020-03-29 01:14:47,665:WARNING:  Training Epoch: [9]
2020-03-29 01:14:51,687:WARNING:  
 Test: [1/2]
    Loss 0.2088 (19.7250)

2020-03-29 01:14:51,704:WARNING: Cross Validation on iteration 6
2020-03-29 01:14:51,704:WARNING: => no checkpoint found at 'Model/basemodel5.pth.tar'
2020-03-29 01:14:51,704:WARNING:  Training Epoch: [0]
2020-03-29 01:14:55,760:WARNING:  
 Test: [1/2]
    Loss 0.6780 (19.4453)

2020-03-29 01:14:55,763:WARNING:  Training Epoch: [1]
2020-03-29 01:14:59,824:WARNING:  
 Test: [1/2]
    Loss 0.1402 (19.8339)

2020-03-29 01:14:59,842:WARNING:  Training Epoch: [2]
2020-03-29 01:15:03,975:WARNING:  
 Test: [1/2]
    Loss 2.5817 (18.0847)

2020-03-29 01:15:03,980:WARNING:  Training Epoch: [3]
2020-03-29 01:15:08,092:WARNING:  
 Test: [1/2]
    Loss 0.1034 (19.9449)

2020-03-29 01:15:08,110:WARNING:  Training Epoch: [4]
2020-03-29 01:15:12,200:WARNING:  
 Test: [1/2]
    Loss 0.0562 (20.2516)

2020-03-29 01:15:12,218:WARNING:  Training Epoch: [5]
2020-03-29 01:15:16,306:WARNING:  
 Test: [1/2]
    Loss 0.0665 (20.2006)

2020-03-29 01:15:16,324:WARNING:  Training Epoch: [6]
2020-03-29 01:15:20,435:WARNING:  
 Test: [1/2]
    Loss 0.1996 (20.3438)

2020-03-29 01:15:20,440:WARNING:  Training Epoch: [7]
2020-03-29 01:15:24,523:WARNING:  
 Test: [1/2]
    Loss 1.2649 (19.2937)

2020-03-29 01:15:24,541:WARNING:  Training Epoch: [8]
2020-03-29 01:15:28,574:WARNING:  
 Test: [1/2]
    Loss 3.8722 (17.1460)

2020-03-29 01:15:28,591:WARNING:  Training Epoch: [9]
2020-03-29 01:15:32,698:WARNING:  
 Test: [1/2]
    Loss 2.3754 (19.1095)

2020-03-29 01:15:32,716:WARNING: Cross Validation on iteration 7
2020-03-29 01:15:32,717:WARNING: => no checkpoint found at 'Model/basemodel6.pth.tar'
2020-03-29 01:15:32,718:WARNING:  Training Epoch: [0]
2020-03-29 01:15:36,887:WARNING:  
 Test: [1/2]
    Loss 0.4976 (27.2089)

2020-03-29 01:15:36,891:WARNING:  Training Epoch: [1]
2020-03-29 01:15:40,944:WARNING:  
 Test: [1/2]
    Loss 4.9430 (25.4400)

2020-03-29 01:15:40,961:WARNING:  Training Epoch: [2]
2020-03-29 01:15:45,064:WARNING:  
 Test: [1/2]
    Loss 0.0022 (27.8617)

2020-03-29 01:15:45,081:WARNING:  Training Epoch: [3]
2020-03-29 01:15:49,127:WARNING:  
 Test: [1/2]
    Loss 4.1246 (25.2807)

2020-03-29 01:15:49,144:WARNING:  Training Epoch: [4]
2020-03-29 01:15:53,225:WARNING:  
 Test: [1/2]
    Loss 2.9685 (26.4112)

2020-03-29 01:15:53,230:WARNING:  Training Epoch: [5]
2020-03-29 01:15:57,323:WARNING:  
 Test: [1/2]
    Loss 0.6626 (28.0629)

2020-03-29 01:15:57,341:WARNING:  Training Epoch: [6]
2020-03-29 01:16:01,461:WARNING:  
 Test: [1/2]
    Loss 0.1470 (29.6081)

2020-03-29 01:16:01,478:WARNING:  Training Epoch: [7]
2020-03-29 01:16:05,509:WARNING:  
 Test: [1/2]
    Loss 5.5559 (24.1621)

2020-03-29 01:16:05,526:WARNING:  Training Epoch: [8]
2020-03-29 01:16:09,633:WARNING:  
 Test: [1/2]
    Loss 2.5403 (27.6004)

2020-03-29 01:16:09,639:WARNING:  Training Epoch: [9]
2020-03-29 01:16:13,686:WARNING:  
 Test: [1/2]
    Loss 0.2172 (28.8362)

2020-03-29 01:16:13,704:WARNING: Cross Validation on iteration 8
2020-03-29 01:16:13,704:WARNING: => no checkpoint found at 'Model/basemodel7.pth.tar'
2020-03-29 01:16:13,705:WARNING:  Training Epoch: [0]
2020-03-29 01:16:17,744:WARNING:  
 Test: [1/2]
    Loss 2.7849 (44.9245)

2020-03-29 01:16:17,748:WARNING:  Training Epoch: [1]
2020-03-29 01:16:21,813:WARNING:  
 Test: [1/2]
    Loss 1.7739 (45.9729)

2020-03-29 01:16:21,832:WARNING:  Training Epoch: [2]
2020-03-29 01:16:25,896:WARNING:  
 Test: [1/2]
    Loss 1.2349 (46.4952)

2020-03-29 01:16:25,900:WARNING:  Training Epoch: [3]
2020-03-29 01:16:30,002:WARNING:  
 Test: [1/2]
    Loss 0.0289 (46.8246)

2020-03-29 01:16:30,019:WARNING:  Training Epoch: [4]
2020-03-29 01:16:34,058:WARNING:  
 Test: [1/2]
    Loss 0.2600 (48.8794)

2020-03-29 01:16:34,076:WARNING:  Training Epoch: [5]
2020-03-29 01:16:38,154:WARNING:  
 Test: [1/2]
    Loss 0.0672 (47.6430)

2020-03-29 01:16:38,172:WARNING:  Training Epoch: [6]
2020-03-29 01:16:42,289:WARNING:  
 Test: [1/2]
    Loss 0.3820 (48.2263)

2020-03-29 01:16:42,294:WARNING:  Training Epoch: [7]
2020-03-29 01:16:46,383:WARNING:  
 Test: [1/2]
    Loss 2.8492 (46.3447)

2020-03-29 01:16:46,400:WARNING:  Training Epoch: [8]
2020-03-29 01:16:50,504:WARNING:  
 Test: [1/2]
    Loss 11.2743 (37.9406)

2020-03-29 01:16:50,523:WARNING:  Training Epoch: [9]
2020-03-29 01:16:54,627:WARNING:  
 Test: [1/2]
    Loss 3.8161 (45.9092)

2020-03-29 01:16:54,646:WARNING: Cross Validation on iteration 9
2020-03-29 01:16:54,646:WARNING: => no checkpoint found at 'Model/basemodel8.pth.tar'
2020-03-29 01:16:54,647:WARNING:  Training Epoch: [0]
2020-03-29 01:16:58,781:WARNING:  
 Test: [1/2]
    Loss 4.5056 (18.9399)

2020-03-29 01:16:58,785:WARNING:  Training Epoch: [1]
2020-03-29 01:17:02,911:WARNING:  
 Test: [1/2]
    Loss 0.0616 (23.8967)

2020-03-29 01:17:02,929:WARNING:  Training Epoch: [2]
2020-03-29 01:17:07,066:WARNING:  
 Test: [1/2]
    Loss 0.0385 (22.9180)

2020-03-29 01:17:07,071:WARNING:  Training Epoch: [3]
2020-03-29 01:17:11,135:WARNING:  
 Test: [1/2]
    Loss 0.0090 (24.3432)

2020-03-29 01:17:11,153:WARNING:  Training Epoch: [4]
2020-03-29 01:17:15,238:WARNING:  
 Test: [1/2]
    Loss 1.5775 (21.5406)

2020-03-29 01:17:15,256:WARNING:  Training Epoch: [5]
2020-03-29 01:17:19,437:WARNING:  
 Test: [1/2]
    Loss 2.8176 (21.3087)

2020-03-29 01:17:19,454:WARNING:  Training Epoch: [6]
2020-03-29 01:17:23,594:WARNING:  
 Test: [1/2]
    Loss 0.0951 (23.4507)

2020-03-29 01:17:23,612:WARNING:  Training Epoch: [7]
2020-03-29 01:17:27,753:WARNING:  
 Test: [1/2]
    Loss 0.0074 (23.9178)

2020-03-29 01:17:27,771:WARNING:  Training Epoch: [8]
2020-03-29 01:17:31,868:WARNING:  
 Test: [1/2]
    Loss 0.0019 (24.0033)

2020-03-29 01:17:31,872:WARNING:  Training Epoch: [9]
2020-03-29 01:17:35,945:WARNING:  
 Test: [1/2]
    Loss 1.8941 (22.4021)

2020-03-29 01:17:35,950:WARNING: Cross Validation on iteration 10
2020-03-29 01:17:35,950:WARNING: => no checkpoint found at 'Model/basemodel9.pth.tar'
2020-03-29 01:17:35,950:WARNING:  Training Epoch: [0]
2020-03-29 01:17:40,041:WARNING:  
 Test: [1/2]
    Loss 0.0078 (31.6210)

2020-03-29 01:17:40,046:WARNING:  Training Epoch: [1]
2020-03-29 01:17:44,159:WARNING:  
 Test: [1/2]
    Loss 0.1297 (31.8175)

2020-03-29 01:17:44,163:WARNING:  Training Epoch: [2]
2020-03-29 01:17:48,240:WARNING:  
 Test: [1/2]
    Loss 6.0363 (26.7959)

2020-03-29 01:17:48,258:WARNING:  Training Epoch: [3]
2020-03-29 01:17:52,421:WARNING:  
 Test: [1/2]
    Loss 0.1240 (31.9066)

2020-03-29 01:17:52,426:WARNING:  Training Epoch: [4]
2020-03-29 01:17:56,545:WARNING:  
 Test: [1/2]
    Loss 1.3534 (31.0959)

2020-03-29 01:17:56,550:WARNING:  Training Epoch: [5]
2020-03-29 01:18:00,706:WARNING:  
 Test: [1/2]
    Loss 0.0204 (32.5537)

2020-03-29 01:18:00,710:WARNING:  Training Epoch: [6]
2020-03-29 01:18:04,776:WARNING:  
 Test: [1/2]
    Loss 5.5208 (27.1617)

2020-03-29 01:18:04,781:WARNING:  Training Epoch: [7]
2020-03-29 01:18:08,869:WARNING:  
 Test: [1/2]
    Loss 0.2823 (32.3729)

2020-03-29 01:18:08,886:WARNING:  Training Epoch: [8]
2020-03-29 01:18:12,961:WARNING:  
 Test: [1/2]
    Loss 0.0578 (32.6074)

2020-03-29 01:18:12,979:WARNING:  Training Epoch: [9]
2020-03-29 01:18:17,029:WARNING:  
 Test: [1/2]
    Loss 0.0746 (32.5658)

